<?xml version="1.0" encoding="UTF-8"?>
<testsuite xmlns:xsi="http://www.w3.org/2001/XMLSchema-instance" xsi:noNamespaceSchemaLocation="https://maven.apache.org/surefire/maven-surefire-plugin/xsd/surefire-test-report.xsd" name="org.craftsrecords.rememberme.junit4.rest.BookmarkControllerTest" time="3.291" tests="4" errors="0" skipped="0" failures="0">
  <properties>
    <property name="java.specification.version" value="15"/>
    <property name="sun.cpu.isalist" value="amd64"/>
    <property name="sun.jnu.encoding" value="Cp1251"/>
    <property name="java.class.path" value="D:\MavenD2\mysettings\MyProjects\AllJunits\MyDevoxJunit5\myinfrastructure\target\test-classes;D:\MavenD2\mysettings\MyProjects\AllJunits\MyDevoxJunit5\myinfrastructure\target\classes;D:\MavenD2\mysettings\MyProjects\AllJunits\MyDevoxJunit5\mydomain\target\mydomain-0.0.1-SNAPSHOT.jar;D:\MavenD2\mysettings\.m2\repository\org\springframework\boot\spring-boot-starter\2.3.9.RELEASE\spring-boot-starter-2.3.9.RELEASE.jar;D:\MavenD2\mysettings\.m2\repository\org\springframework\boot\spring-boot\2.3.9.RELEASE\spring-boot-2.3.9.RELEASE.jar;D:\MavenD2\mysettings\.m2\repository\org\springframework\spring-context\5.2.13.RELEASE\spring-context-5.2.13.RELEASE.jar;D:\MavenD2\mysettings\.m2\repository\org\springframework\boot\spring-boot-autoconfigure\2.3.9.RELEASE\spring-boot-autoconfigure-2.3.9.RELEASE.jar;D:\MavenD2\mysettings\.m2\repository\org\springframework\boot\spring-boot-starter-logging\2.3.9.RELEASE\spring-boot-starter-logging-2.3.9.RELEASE.jar;D:\MavenD2\mysettings\.m2\repository\ch\qos\logback\logback-classic\1.2.3\logback-classic-1.2.3.jar;D:\MavenD2\mysettings\.m2\repository\ch\qos\logback\logback-core\1.2.3\logback-core-1.2.3.jar;D:\MavenD2\mysettings\.m2\repository\org\apache\logging\log4j\log4j-to-slf4j\2.13.3\log4j-to-slf4j-2.13.3.jar;D:\MavenD2\mysettings\.m2\repository\org\apache\logging\log4j\log4j-api\2.13.3\log4j-api-2.13.3.jar;D:\MavenD2\mysettings\.m2\repository\org\slf4j\jul-to-slf4j\1.7.30\jul-to-slf4j-1.7.30.jar;D:\MavenD2\mysettings\.m2\repository\jakarta\annotation\jakarta.annotation-api\1.3.5\jakarta.annotation-api-1.3.5.jar;D:\MavenD2\mysettings\.m2\repository\org\springframework\spring-core\5.2.13.RELEASE\spring-core-5.2.13.RELEASE.jar;D:\MavenD2\mysettings\.m2\repository\org\springframework\spring-jcl\5.2.13.RELEASE\spring-jcl-5.2.13.RELEASE.jar;D:\MavenD2\mysettings\.m2\repository\org\yaml\snakeyaml\1.26\snakeyaml-1.26.jar;D:\MavenD2\mysettings\.m2\repository\org\springframework\boot\spring-boot-starter-test\2.3.9.RELEASE\spring-boot-starter-test-2.3.9.RELEASE.jar;D:\MavenD2\mysettings\.m2\repository\org\springframework\boot\spring-boot-test\2.3.9.RELEASE\spring-boot-test-2.3.9.RELEASE.jar;D:\MavenD2\mysettings\.m2\repository\org\springframework\boot\spring-boot-test-autoconfigure\2.3.9.RELEASE\spring-boot-test-autoconfigure-2.3.9.RELEASE.jar;D:\MavenD2\mysettings\.m2\repository\com\jayway\jsonpath\json-path\2.4.0\json-path-2.4.0.jar;D:\MavenD2\mysettings\.m2\repository\net\minidev\json-smart\2.3\json-smart-2.3.jar;D:\MavenD2\mysettings\.m2\repository\net\minidev\accessors-smart\1.2\accessors-smart-1.2.jar;D:\MavenD2\mysettings\.m2\repository\org\ow2\asm\asm\5.0.4\asm-5.0.4.jar;D:\MavenD2\mysettings\.m2\repository\org\slf4j\slf4j-api\1.7.30\slf4j-api-1.7.30.jar;D:\MavenD2\mysettings\.m2\repository\jakarta\xml\bind\jakarta.xml.bind-api\2.3.3\jakarta.xml.bind-api-2.3.3.jar;D:\MavenD2\mysettings\.m2\repository\jakarta\activation\jakarta.activation-api\1.2.2\jakarta.activation-api-1.2.2.jar;D:\MavenD2\mysettings\.m2\repository\org\assertj\assertj-core\3.12.0\assertj-core-3.12.0.jar;D:\MavenD2\mysettings\.m2\repository\org\hamcrest\hamcrest\2.2\hamcrest-2.2.jar;D:\MavenD2\mysettings\.m2\repository\org\mockito\mockito-core\3.3.3\mockito-core-3.3.3.jar;D:\MavenD2\mysettings\.m2\repository\net\bytebuddy\byte-buddy\1.10.20\byte-buddy-1.10.20.jar;D:\MavenD2\mysettings\.m2\repository\net\bytebuddy\byte-buddy-agent\1.10.20\byte-buddy-agent-1.10.20.jar;D:\MavenD2\mysettings\.m2\repository\org\objenesis\objenesis\2.6\objenesis-2.6.jar;D:\MavenD2\mysettings\.m2\repository\org\mockito\mockito-junit-jupiter\3.3.3\mockito-junit-jupiter-3.3.3.jar;D:\MavenD2\mysettings\.m2\repository\org\skyscreamer\jsonassert\1.5.0\jsonassert-1.5.0.jar;D:\MavenD2\mysettings\.m2\repository\com\vaadin\external\google\android-json\0.0.20131108.vaadin1\android-json-0.0.20131108.vaadin1.jar;D:\MavenD2\mysettings\.m2\repository\org\springframework\spring-test\5.2.13.RELEASE\spring-test-5.2.13.RELEASE.jar;D:\MavenD2\mysettings\.m2\repository\org\xmlunit\xmlunit-core\2.7.0\xmlunit-core-2.7.0.jar;D:\MavenD2\mysettings\.m2\repository\org\springframework\boot\spring-boot-starter-web\2.3.9.RELEASE\spring-boot-starter-web-2.3.9.RELEASE.jar;D:\MavenD2\mysettings\.m2\repository\org\springframework\boot\spring-boot-starter-json\2.3.9.RELEASE\spring-boot-starter-json-2.3.9.RELEASE.jar;D:\MavenD2\mysettings\.m2\repository\com\fasterxml\jackson\core\jackson-databind\2.11.4\jackson-databind-2.11.4.jar;D:\MavenD2\mysettings\.m2\repository\com\fasterxml\jackson\core\jackson-annotations\2.11.4\jackson-annotations-2.11.4.jar;D:\MavenD2\mysettings\.m2\repository\com\fasterxml\jackson\core\jackson-core\2.11.4\jackson-core-2.11.4.jar;D:\MavenD2\mysettings\.m2\repository\com\fasterxml\jackson\datatype\jackson-datatype-jdk8\2.11.4\jackson-datatype-jdk8-2.11.4.jar;D:\MavenD2\mysettings\.m2\repository\com\fasterxml\jackson\datatype\jackson-datatype-jsr310\2.11.4\jackson-datatype-jsr310-2.11.4.jar;D:\MavenD2\mysettings\.m2\repository\com\fasterxml\jackson\module\jackson-module-parameter-names\2.11.4\jackson-module-parameter-names-2.11.4.jar;D:\MavenD2\mysettings\.m2\repository\org\springframework\boot\spring-boot-starter-tomcat\2.3.9.RELEASE\spring-boot-starter-tomcat-2.3.9.RELEASE.jar;D:\MavenD2\mysettings\.m2\repository\org\apache\tomcat\embed\tomcat-embed-core\9.0.43\tomcat-embed-core-9.0.43.jar;D:\MavenD2\mysettings\.m2\repository\org\glassfish\jakarta.el\3.0.3\jakarta.el-3.0.3.jar;D:\MavenD2\mysettings\.m2\repository\org\apache\tomcat\embed\tomcat-embed-websocket\9.0.43\tomcat-embed-websocket-9.0.43.jar;D:\MavenD2\mysettings\.m2\repository\org\springframework\spring-web\5.2.13.RELEASE\spring-web-5.2.13.RELEASE.jar;D:\MavenD2\mysettings\.m2\repository\org\springframework\spring-beans\5.2.13.RELEASE\spring-beans-5.2.13.RELEASE.jar;D:\MavenD2\mysettings\.m2\repository\org\springframework\spring-webmvc\5.2.13.RELEASE\spring-webmvc-5.2.13.RELEASE.jar;D:\MavenD2\mysettings\.m2\repository\org\springframework\spring-aop\5.2.13.RELEASE\spring-aop-5.2.13.RELEASE.jar;D:\MavenD2\mysettings\.m2\repository\org\springframework\spring-expression\5.2.13.RELEASE\spring-expression-5.2.13.RELEASE.jar;D:\MavenD2\mysettings\.m2\repository\org\springframework\boot\spring-boot-starter-data-jpa\2.3.9.RELEASE\spring-boot-starter-data-jpa-2.3.9.RELEASE.jar;D:\MavenD2\mysettings\.m2\repository\org\springframework\boot\spring-boot-starter-aop\2.3.9.RELEASE\spring-boot-starter-aop-2.3.9.RELEASE.jar;D:\MavenD2\mysettings\.m2\repository\org\aspectj\aspectjweaver\1.9.6\aspectjweaver-1.9.6.jar;D:\MavenD2\mysettings\.m2\repository\org\springframework\boot\spring-boot-starter-jdbc\2.3.9.RELEASE\spring-boot-starter-jdbc-2.3.9.RELEASE.jar;D:\MavenD2\mysettings\.m2\repository\com\zaxxer\HikariCP\3.4.5\HikariCP-3.4.5.jar;D:\MavenD2\mysettings\.m2\repository\org\springframework\spring-jdbc\5.2.13.RELEASE\spring-jdbc-5.2.13.RELEASE.jar;D:\MavenD2\mysettings\.m2\repository\jakarta\transaction\jakarta.transaction-api\1.3.3\jakarta.transaction-api-1.3.3.jar;D:\MavenD2\mysettings\.m2\repository\jakarta\persistence\jakarta.persistence-api\2.2.3\jakarta.persistence-api-2.2.3.jar;D:\MavenD2\mysettings\.m2\repository\org\hibernate\hibernate-core\5.4.28.Final\hibernate-core-5.4.28.Final.jar;D:\MavenD2\mysettings\.m2\repository\org\jboss\logging\jboss-logging\3.4.1.Final\jboss-logging-3.4.1.Final.jar;D:\MavenD2\mysettings\.m2\repository\org\javassist\javassist\3.27.0-GA\javassist-3.27.0-GA.jar;D:\MavenD2\mysettings\.m2\repository\antlr\antlr\2.7.7\antlr-2.7.7.jar;D:\MavenD2\mysettings\.m2\repository\org\jboss\jandex\2.2.3.Final\jandex-2.2.3.Final.jar;D:\MavenD2\mysettings\.m2\repository\com\fasterxml\classmate\1.5.1\classmate-1.5.1.jar;D:\MavenD2\mysettings\.m2\repository\org\dom4j\dom4j\2.1.3\dom4j-2.1.3.jar;D:\MavenD2\mysettings\.m2\repository\org\hibernate\common\hibernate-commons-annotations\5.1.2.Final\hibernate-commons-annotations-5.1.2.Final.jar;D:\MavenD2\mysettings\.m2\repository\org\glassfish\jaxb\jaxb-runtime\2.3.3\jaxb-runtime-2.3.3.jar;D:\MavenD2\mysettings\.m2\repository\org\glassfish\jaxb\txw2\2.3.3\txw2-2.3.3.jar;D:\MavenD2\mysettings\.m2\repository\com\sun\istack\istack-commons-runtime\3.0.11\istack-commons-runtime-3.0.11.jar;D:\MavenD2\mysettings\.m2\repository\com\sun\activation\jakarta.activation\1.2.2\jakarta.activation-1.2.2.jar;D:\MavenD2\mysettings\.m2\repository\org\springframework\data\spring-data-jpa\2.3.7.RELEASE\spring-data-jpa-2.3.7.RELEASE.jar;D:\MavenD2\mysettings\.m2\repository\org\springframework\data\spring-data-commons\2.3.7.RELEASE\spring-data-commons-2.3.7.RELEASE.jar;D:\MavenD2\mysettings\.m2\repository\org\springframework\spring-orm\5.2.13.RELEASE\spring-orm-5.2.13.RELEASE.jar;D:\MavenD2\mysettings\.m2\repository\org\springframework\spring-tx\5.2.13.RELEASE\spring-tx-5.2.13.RELEASE.jar;D:\MavenD2\mysettings\.m2\repository\org\springframework\spring-aspects\5.2.13.RELEASE\spring-aspects-5.2.13.RELEASE.jar;D:\MavenD2\mysettings\.m2\repository\com\h2database\h2\1.4.200\h2-1.4.200.jar;D:\MavenD2\mysettings\.m2\repository\org\junit\vintage\junit-vintage-engine\5.7.1\junit-vintage-engine-5.7.1.jar;D:\MavenD2\mysettings\.m2\repository\org\apiguardian\apiguardian-api\1.1.0\apiguardian-api-1.1.0.jar;D:\MavenD2\mysettings\.m2\repository\org\junit\platform\junit-platform-engine\1.6.3\junit-platform-engine-1.6.3.jar;D:\MavenD2\mysettings\.m2\repository\org\opentest4j\opentest4j\1.2.0\opentest4j-1.2.0.jar;D:\MavenD2\mysettings\.m2\repository\org\junit\platform\junit-platform-commons\1.6.3\junit-platform-commons-1.6.3.jar;D:\MavenD2\mysettings\.m2\repository\junit\junit\4.13.2\junit-4.13.2.jar;D:\MavenD2\mysettings\.m2\repository\org\hamcrest\hamcrest-core\2.2\hamcrest-core-2.2.jar;D:\MavenD2\mysettings\.m2\repository\org\junit\jupiter\junit-jupiter\5.7.1\junit-jupiter-5.7.1.jar;D:\MavenD2\mysettings\.m2\repository\org\junit\jupiter\junit-jupiter-api\5.6.3\junit-jupiter-api-5.6.3.jar;D:\MavenD2\mysettings\.m2\repository\org\junit\jupiter\junit-jupiter-params\5.6.3\junit-jupiter-params-5.6.3.jar;D:\MavenD2\mysettings\.m2\repository\org\junit\jupiter\junit-jupiter-engine\5.6.3\junit-jupiter-engine-5.6.3.jar;"/>
    <property name="java.vm.vendor" value="Oracle Corporation"/>
    <property name="sun.arch.data.model" value="64"/>
    <property name="user.variant" value=""/>
    <property name="java.vendor.url" value="https://java.oracle.com/"/>
    <property name="user.timezone" value="Europe/Zurich"/>
    <property name="os.name" value="Windows 7"/>
    <property name="java.vm.specification.version" value="15"/>
    <property name="sun.java.launcher" value="SUN_STANDARD"/>
    <property name="user.country" value="CH"/>
    <property name="sun.boot.library.path" value="C:\Program Files\Java\jdk\bin"/>
    <property name="sun.java.command" value="C:\Users\SVETA_~1\AppData\Local\Temp\surefire37300059738400322\surefirebooter10805611494352856690.jar C:\Users\Sveta_Medion\AppData\Local\Temp\surefire37300059738400322 2021-03-21T14-39-55_045-jvmRun1 surefire10780423010930699166tmp surefire_19939762523111823496tmp"/>
    <property name="jdk.debug" value="release"/>
    <property name="surefire.test.class.path" value="D:\MavenD2\mysettings\MyProjects\AllJunits\MyDevoxJunit5\myinfrastructure\target\test-classes;D:\MavenD2\mysettings\MyProjects\AllJunits\MyDevoxJunit5\myinfrastructure\target\classes;D:\MavenD2\mysettings\MyProjects\AllJunits\MyDevoxJunit5\mydomain\target\mydomain-0.0.1-SNAPSHOT.jar;D:\MavenD2\mysettings\.m2\repository\org\springframework\boot\spring-boot-starter\2.3.9.RELEASE\spring-boot-starter-2.3.9.RELEASE.jar;D:\MavenD2\mysettings\.m2\repository\org\springframework\boot\spring-boot\2.3.9.RELEASE\spring-boot-2.3.9.RELEASE.jar;D:\MavenD2\mysettings\.m2\repository\org\springframework\spring-context\5.2.13.RELEASE\spring-context-5.2.13.RELEASE.jar;D:\MavenD2\mysettings\.m2\repository\org\springframework\boot\spring-boot-autoconfigure\2.3.9.RELEASE\spring-boot-autoconfigure-2.3.9.RELEASE.jar;D:\MavenD2\mysettings\.m2\repository\org\springframework\boot\spring-boot-starter-logging\2.3.9.RELEASE\spring-boot-starter-logging-2.3.9.RELEASE.jar;D:\MavenD2\mysettings\.m2\repository\ch\qos\logback\logback-classic\1.2.3\logback-classic-1.2.3.jar;D:\MavenD2\mysettings\.m2\repository\ch\qos\logback\logback-core\1.2.3\logback-core-1.2.3.jar;D:\MavenD2\mysettings\.m2\repository\org\apache\logging\log4j\log4j-to-slf4j\2.13.3\log4j-to-slf4j-2.13.3.jar;D:\MavenD2\mysettings\.m2\repository\org\apache\logging\log4j\log4j-api\2.13.3\log4j-api-2.13.3.jar;D:\MavenD2\mysettings\.m2\repository\org\slf4j\jul-to-slf4j\1.7.30\jul-to-slf4j-1.7.30.jar;D:\MavenD2\mysettings\.m2\repository\jakarta\annotation\jakarta.annotation-api\1.3.5\jakarta.annotation-api-1.3.5.jar;D:\MavenD2\mysettings\.m2\repository\org\springframework\spring-core\5.2.13.RELEASE\spring-core-5.2.13.RELEASE.jar;D:\MavenD2\mysettings\.m2\repository\org\springframework\spring-jcl\5.2.13.RELEASE\spring-jcl-5.2.13.RELEASE.jar;D:\MavenD2\mysettings\.m2\repository\org\yaml\snakeyaml\1.26\snakeyaml-1.26.jar;D:\MavenD2\mysettings\.m2\repository\org\springframework\boot\spring-boot-starter-test\2.3.9.RELEASE\spring-boot-starter-test-2.3.9.RELEASE.jar;D:\MavenD2\mysettings\.m2\repository\org\springframework\boot\spring-boot-test\2.3.9.RELEASE\spring-boot-test-2.3.9.RELEASE.jar;D:\MavenD2\mysettings\.m2\repository\org\springframework\boot\spring-boot-test-autoconfigure\2.3.9.RELEASE\spring-boot-test-autoconfigure-2.3.9.RELEASE.jar;D:\MavenD2\mysettings\.m2\repository\com\jayway\jsonpath\json-path\2.4.0\json-path-2.4.0.jar;D:\MavenD2\mysettings\.m2\repository\net\minidev\json-smart\2.3\json-smart-2.3.jar;D:\MavenD2\mysettings\.m2\repository\net\minidev\accessors-smart\1.2\accessors-smart-1.2.jar;D:\MavenD2\mysettings\.m2\repository\org\ow2\asm\asm\5.0.4\asm-5.0.4.jar;D:\MavenD2\mysettings\.m2\repository\org\slf4j\slf4j-api\1.7.30\slf4j-api-1.7.30.jar;D:\MavenD2\mysettings\.m2\repository\jakarta\xml\bind\jakarta.xml.bind-api\2.3.3\jakarta.xml.bind-api-2.3.3.jar;D:\MavenD2\mysettings\.m2\repository\jakarta\activation\jakarta.activation-api\1.2.2\jakarta.activation-api-1.2.2.jar;D:\MavenD2\mysettings\.m2\repository\org\assertj\assertj-core\3.12.0\assertj-core-3.12.0.jar;D:\MavenD2\mysettings\.m2\repository\org\hamcrest\hamcrest\2.2\hamcrest-2.2.jar;D:\MavenD2\mysettings\.m2\repository\org\mockito\mockito-core\3.3.3\mockito-core-3.3.3.jar;D:\MavenD2\mysettings\.m2\repository\net\bytebuddy\byte-buddy\1.10.20\byte-buddy-1.10.20.jar;D:\MavenD2\mysettings\.m2\repository\net\bytebuddy\byte-buddy-agent\1.10.20\byte-buddy-agent-1.10.20.jar;D:\MavenD2\mysettings\.m2\repository\org\objenesis\objenesis\2.6\objenesis-2.6.jar;D:\MavenD2\mysettings\.m2\repository\org\mockito\mockito-junit-jupiter\3.3.3\mockito-junit-jupiter-3.3.3.jar;D:\MavenD2\mysettings\.m2\repository\org\skyscreamer\jsonassert\1.5.0\jsonassert-1.5.0.jar;D:\MavenD2\mysettings\.m2\repository\com\vaadin\external\google\android-json\0.0.20131108.vaadin1\android-json-0.0.20131108.vaadin1.jar;D:\MavenD2\mysettings\.m2\repository\org\springframework\spring-test\5.2.13.RELEASE\spring-test-5.2.13.RELEASE.jar;D:\MavenD2\mysettings\.m2\repository\org\xmlunit\xmlunit-core\2.7.0\xmlunit-core-2.7.0.jar;D:\MavenD2\mysettings\.m2\repository\org\springframework\boot\spring-boot-starter-web\2.3.9.RELEASE\spring-boot-starter-web-2.3.9.RELEASE.jar;D:\MavenD2\mysettings\.m2\repository\org\springframework\boot\spring-boot-starter-json\2.3.9.RELEASE\spring-boot-starter-json-2.3.9.RELEASE.jar;D:\MavenD2\mysettings\.m2\repository\com\fasterxml\jackson\core\jackson-databind\2.11.4\jackson-databind-2.11.4.jar;D:\MavenD2\mysettings\.m2\repository\com\fasterxml\jackson\core\jackson-annotations\2.11.4\jackson-annotations-2.11.4.jar;D:\MavenD2\mysettings\.m2\repository\com\fasterxml\jackson\core\jackson-core\2.11.4\jackson-core-2.11.4.jar;D:\MavenD2\mysettings\.m2\repository\com\fasterxml\jackson\datatype\jackson-datatype-jdk8\2.11.4\jackson-datatype-jdk8-2.11.4.jar;D:\MavenD2\mysettings\.m2\repository\com\fasterxml\jackson\datatype\jackson-datatype-jsr310\2.11.4\jackson-datatype-jsr310-2.11.4.jar;D:\MavenD2\mysettings\.m2\repository\com\fasterxml\jackson\module\jackson-module-parameter-names\2.11.4\jackson-module-parameter-names-2.11.4.jar;D:\MavenD2\mysettings\.m2\repository\org\springframework\boot\spring-boot-starter-tomcat\2.3.9.RELEASE\spring-boot-starter-tomcat-2.3.9.RELEASE.jar;D:\MavenD2\mysettings\.m2\repository\org\apache\tomcat\embed\tomcat-embed-core\9.0.43\tomcat-embed-core-9.0.43.jar;D:\MavenD2\mysettings\.m2\repository\org\glassfish\jakarta.el\3.0.3\jakarta.el-3.0.3.jar;D:\MavenD2\mysettings\.m2\repository\org\apache\tomcat\embed\tomcat-embed-websocket\9.0.43\tomcat-embed-websocket-9.0.43.jar;D:\MavenD2\mysettings\.m2\repository\org\springframework\spring-web\5.2.13.RELEASE\spring-web-5.2.13.RELEASE.jar;D:\MavenD2\mysettings\.m2\repository\org\springframework\spring-beans\5.2.13.RELEASE\spring-beans-5.2.13.RELEASE.jar;D:\MavenD2\mysettings\.m2\repository\org\springframework\spring-webmvc\5.2.13.RELEASE\spring-webmvc-5.2.13.RELEASE.jar;D:\MavenD2\mysettings\.m2\repository\org\springframework\spring-aop\5.2.13.RELEASE\spring-aop-5.2.13.RELEASE.jar;D:\MavenD2\mysettings\.m2\repository\org\springframework\spring-expression\5.2.13.RELEASE\spring-expression-5.2.13.RELEASE.jar;D:\MavenD2\mysettings\.m2\repository\org\springframework\boot\spring-boot-starter-data-jpa\2.3.9.RELEASE\spring-boot-starter-data-jpa-2.3.9.RELEASE.jar;D:\MavenD2\mysettings\.m2\repository\org\springframework\boot\spring-boot-starter-aop\2.3.9.RELEASE\spring-boot-starter-aop-2.3.9.RELEASE.jar;D:\MavenD2\mysettings\.m2\repository\org\aspectj\aspectjweaver\1.9.6\aspectjweaver-1.9.6.jar;D:\MavenD2\mysettings\.m2\repository\org\springframework\boot\spring-boot-starter-jdbc\2.3.9.RELEASE\spring-boot-starter-jdbc-2.3.9.RELEASE.jar;D:\MavenD2\mysettings\.m2\repository\com\zaxxer\HikariCP\3.4.5\HikariCP-3.4.5.jar;D:\MavenD2\mysettings\.m2\repository\org\springframework\spring-jdbc\5.2.13.RELEASE\spring-jdbc-5.2.13.RELEASE.jar;D:\MavenD2\mysettings\.m2\repository\jakarta\transaction\jakarta.transaction-api\1.3.3\jakarta.transaction-api-1.3.3.jar;D:\MavenD2\mysettings\.m2\repository\jakarta\persistence\jakarta.persistence-api\2.2.3\jakarta.persistence-api-2.2.3.jar;D:\MavenD2\mysettings\.m2\repository\org\hibernate\hibernate-core\5.4.28.Final\hibernate-core-5.4.28.Final.jar;D:\MavenD2\mysettings\.m2\repository\org\jboss\logging\jboss-logging\3.4.1.Final\jboss-logging-3.4.1.Final.jar;D:\MavenD2\mysettings\.m2\repository\org\javassist\javassist\3.27.0-GA\javassist-3.27.0-GA.jar;D:\MavenD2\mysettings\.m2\repository\antlr\antlr\2.7.7\antlr-2.7.7.jar;D:\MavenD2\mysettings\.m2\repository\org\jboss\jandex\2.2.3.Final\jandex-2.2.3.Final.jar;D:\MavenD2\mysettings\.m2\repository\com\fasterxml\classmate\1.5.1\classmate-1.5.1.jar;D:\MavenD2\mysettings\.m2\repository\org\dom4j\dom4j\2.1.3\dom4j-2.1.3.jar;D:\MavenD2\mysettings\.m2\repository\org\hibernate\common\hibernate-commons-annotations\5.1.2.Final\hibernate-commons-annotations-5.1.2.Final.jar;D:\MavenD2\mysettings\.m2\repository\org\glassfish\jaxb\jaxb-runtime\2.3.3\jaxb-runtime-2.3.3.jar;D:\MavenD2\mysettings\.m2\repository\org\glassfish\jaxb\txw2\2.3.3\txw2-2.3.3.jar;D:\MavenD2\mysettings\.m2\repository\com\sun\istack\istack-commons-runtime\3.0.11\istack-commons-runtime-3.0.11.jar;D:\MavenD2\mysettings\.m2\repository\com\sun\activation\jakarta.activation\1.2.2\jakarta.activation-1.2.2.jar;D:\MavenD2\mysettings\.m2\repository\org\springframework\data\spring-data-jpa\2.3.7.RELEASE\spring-data-jpa-2.3.7.RELEASE.jar;D:\MavenD2\mysettings\.m2\repository\org\springframework\data\spring-data-commons\2.3.7.RELEASE\spring-data-commons-2.3.7.RELEASE.jar;D:\MavenD2\mysettings\.m2\repository\org\springframework\spring-orm\5.2.13.RELEASE\spring-orm-5.2.13.RELEASE.jar;D:\MavenD2\mysettings\.m2\repository\org\springframework\spring-tx\5.2.13.RELEASE\spring-tx-5.2.13.RELEASE.jar;D:\MavenD2\mysettings\.m2\repository\org\springframework\spring-aspects\5.2.13.RELEASE\spring-aspects-5.2.13.RELEASE.jar;D:\MavenD2\mysettings\.m2\repository\com\h2database\h2\1.4.200\h2-1.4.200.jar;D:\MavenD2\mysettings\.m2\repository\org\junit\vintage\junit-vintage-engine\5.7.1\junit-vintage-engine-5.7.1.jar;D:\MavenD2\mysettings\.m2\repository\org\apiguardian\apiguardian-api\1.1.0\apiguardian-api-1.1.0.jar;D:\MavenD2\mysettings\.m2\repository\org\junit\platform\junit-platform-engine\1.6.3\junit-platform-engine-1.6.3.jar;D:\MavenD2\mysettings\.m2\repository\org\opentest4j\opentest4j\1.2.0\opentest4j-1.2.0.jar;D:\MavenD2\mysettings\.m2\repository\org\junit\platform\junit-platform-commons\1.6.3\junit-platform-commons-1.6.3.jar;D:\MavenD2\mysettings\.m2\repository\junit\junit\4.13.2\junit-4.13.2.jar;D:\MavenD2\mysettings\.m2\repository\org\hamcrest\hamcrest-core\2.2\hamcrest-core-2.2.jar;D:\MavenD2\mysettings\.m2\repository\org\junit\jupiter\junit-jupiter\5.7.1\junit-jupiter-5.7.1.jar;D:\MavenD2\mysettings\.m2\repository\org\junit\jupiter\junit-jupiter-api\5.6.3\junit-jupiter-api-5.6.3.jar;D:\MavenD2\mysettings\.m2\repository\org\junit\jupiter\junit-jupiter-params\5.6.3\junit-jupiter-params-5.6.3.jar;D:\MavenD2\mysettings\.m2\repository\org\junit\jupiter\junit-jupiter-engine\5.6.3\junit-jupiter-engine-5.6.3.jar;"/>
    <property name="sun.cpu.endian" value="little"/>
    <property name="user.home" value="C:\Users\Sveta_Medion"/>
    <property name="user.language" value="de"/>
    <property name="java.specification.vendor" value="Oracle Corporation"/>
    <property name="java.version.date" value="2021-01-19"/>
    <property name="java.home" value="C:\Program Files\Java\jdk"/>
    <property name="file.separator" value="\"/>
    <property name="basedir" value="D:\MavenD2\mysettings\MyProjects\AllJunits\MyDevoxJunit5\myinfrastructure"/>
    <property name="java.vm.compressedOopsMode" value="Zero based"/>
    <property name="line.separator" value="&#10;"/>
    <property name="java.vm.specification.vendor" value="Oracle Corporation"/>
    <property name="java.specification.name" value="Java Platform API Specification"/>
    <property name="surefire.real.class.path" value="C:\Users\SVETA_~1\AppData\Local\Temp\surefire37300059738400322\surefirebooter10805611494352856690.jar"/>
    <property name="user.script" value=""/>
    <property name="sun.management.compiler" value="HotSpot 64-Bit Tiered Compilers"/>
    <property name="java.runtime.version" value="15.0.2+7-27"/>
    <property name="user.name" value="Sveta_Medion"/>
    <property name="path.separator" value=";"/>
    <property name="os.version" value="6.1"/>
    <property name="java.runtime.name" value="Java(TM) SE Runtime Environment"/>
    <property name="file.encoding" value="Cp1252"/>
    <property name="junit.jupiter.displayname.generator.default" value="org.junit.jupiter.api.DisplayNameGenerator$ReplaceUnderscores"/>
    <property name="java.vm.name" value="Java HotSpot(TM) 64-Bit Server VM"/>
    <property name="localRepository" value="D:\MavenD2\mysettings\.m2\repository"/>
    <property name="java.vendor.url.bug" value="https://bugreport.java.com/bugreport/"/>
    <property name="java.io.tmpdir" value="C:\Users\SVETA_~1\AppData\Local\Temp\"/>
    <property name="java.version" value="15.0.2"/>
    <property name="user.dir" value="D:\MavenD2\mysettings\MyProjects\AllJunits\MyDevoxJunit5\myinfrastructure"/>
    <property name="os.arch" value="amd64"/>
    <property name="java.vm.specification.name" value="Java Virtual Machine Specification"/>
    <property name="sun.os.patch.level" value="Service Pack 1"/>
    <property name="java.library.path" value="C:\Program Files\Java\jdk\bin;C:\Windows\Sun\Java\bin;C:\Windows\system32;C:\Windows;C:/Program Files/Java/jdk/bin/server;C:/Program Files/Java/jdk/bin;C:\Program Files\Common Files\Oracle\Java\javapath;C:\Program Files\Java\jdk\bin;C:\Program Files (x86)\Common Files\Oracle\Java\javapath;C:\Program Files (x86)\Intel\iCLS Client\;C:\Program Files\Intel\iCLS Client\;C:\Program Files\Common Files\Microsoft Shared\Windows Live;C:\Program Files (x86)\Common Files\Microsoft Shared\Windows Live;C:\Windows\system32;C:\Windows;C:\Windows\System32\Wbem;C:\Windows\System32\WindowsPowerShell\v1.0\;C:\Program Files (x86)\Windows Live\Shared;C:\Program Files\Intel\Intel(R) Management Engine Components\DAL;C:\Program Files\Intel\Intel(R) Management Engine Components\IPT;C:\Program Files (x86)\Intel\Intel(R) Management Engine Components\DAL;C:\Program Files (x86)\Intel\Intel(R) Management Engine Components\IPT;C:\Program Files\Apache\maven\bin;C:\Program Files\TortoiseSVN\bin;C:\Program Files (x86)\MySQL\MySQL Fabric 1.5.4 &amp; MySQL Utilities 1.5.4 1.5\;C:\Program Files (x86)\MySQL\MySQL Fabric 1.5.4 &amp; MySQL Utilities 1.5.4 1.5\Doctrine extensions for PHP\;C:\Program Files\doxygen\bin;C:\Program Files (x86)\QuickTime\QTSystem\;C:\Program Files\jEdit;C:\Program Files\PostgreSQL\9.5\bin; C:\Program Files\Java\jdk\db\bin;C:\Program Files\ApacheAnt\apache-ant-1.10.3\bin;C:\Program Files (x86)\Brackets\command ;D:\ASONARQ\sonar-scanner-4.0.0.1744-windows\bin;C:\Program Files\dotnet\;C:\Program Files\Microsoft SQL Server\130\Tools\Binn\;C:\Program Files\Microsoft SQL Server\Client SDK\ODBC\170\Tools\Binn\;D:\MyVisualStudios\MyNodes\;D:\ATomcat9\bin;D:\AGradle\gradle-6.2.2\bin;D:\wildfly-18.0.1.Final\bin;C:\Program Files\Git\cmd;C:\Program Files\Java\jdk\bin;D:\GroovyHere\bin;C:\Users\Sveta_Medion\AppData\Local\atom\bin;C:\Program Files\JetBrains\IntelliJ IDEA Community Edition 2018.3.4\bin;D:\DIF\A_VCstudio\Microsoft VS Code\bin;C:\Users\Sveta_Medion\AppData\Roaming\npm;D:\intell\IntelliJ IDEA 2020.1.1\bin;C:\Users\Sveta_Medion\AppData\Local\GitHubDesktop\bin;D:\A_IT\GitHubCMD\;D:\ECLIPSES\e08_02_21\eclipse;;."/>
    <property name="junit.jupiter.extensions.autodetection.enabled" value="false"/>
    <property name="java.vm.info" value="mixed mode, sharing"/>
    <property name="java.vendor" value="Oracle Corporation"/>
    <property name="java.vm.version" value="15.0.2+7-27"/>
    <property name="sun.io.unicode.encoding" value="UnicodeLittle"/>
    <property name="java.class.version" value="59.0"/>
  </properties>
  <testcase name="should_respond_200_when_a_search_is_successfully_done" classname="org.craftsrecords.rememberme.junit4.rest.BookmarkControllerTest" time="0.172"/>
  <testcase name="should_respond_409_when_the_bookmark_already_exists" classname="org.craftsrecords.rememberme.junit4.rest.BookmarkControllerTest" time="0.053"/>
  <testcase name="should_respond_400_when_the_request_is_invalid" classname="org.craftsrecords.rememberme.junit4.rest.BookmarkControllerTest" time="0.013"/>
  <testcase name="should_respond_201_when_the_bookmark_is_created" classname="org.craftsrecords.rememberme.junit4.rest.BookmarkControllerTest" time="0.02"/>
</testsuite>