<?xml version="1.0" encoding="UTF-8"?>
<testsuite xmlns:xsi="http://www.w3.org/2001/XMLSchema-instance" xsi:noNamespaceSchemaLocation="https://maven.apache.org/surefire/maven-surefire-plugin/xsd/surefire-test-report.xsd" name="org.craftsrecords.rememberme.bookmark.junit5.BookmarkCreatorTest" time="0.03" tests="3" errors="0" skipped="1" failures="0">
  <properties>
    <property name="java.specification.version" value="15"/>
    <property name="sun.cpu.isalist" value="amd64"/>
    <property name="sun.jnu.encoding" value="Cp1251"/>
    <property name="java.class.path" value="D:\MavenD2\mysettings\MyProjects\AllJunits\MyDevoxJunit5\mydomain\target\test-classes;D:\MavenD2\mysettings\MyProjects\AllJunits\MyDevoxJunit5\mydomain\target\classes;D:\MavenD2\mysettings\.m2\repository\org\assertj\assertj-core\3.12.0\assertj-core-3.12.0.jar;D:\MavenD2\mysettings\.m2\repository\io\cucumber\cucumber-junit\4.2.3\cucumber-junit-4.2.3.jar;D:\MavenD2\mysettings\.m2\repository\io\cucumber\cucumber-core\4.2.3\cucumber-core-4.2.3.jar;D:\MavenD2\mysettings\.m2\repository\io\cucumber\cucumber-html\0.2.7\cucumber-html-0.2.7.jar;D:\MavenD2\mysettings\.m2\repository\io\cucumber\gherkin\5.1.0\gherkin-5.1.0.jar;D:\MavenD2\mysettings\.m2\repository\io\cucumber\tag-expressions\1.1.1\tag-expressions-1.1.1.jar;D:\MavenD2\mysettings\.m2\repository\io\cucumber\cucumber-expressions\6.2.0\cucumber-expressions-6.2.0.jar;D:\MavenD2\mysettings\.m2\repository\io\cucumber\datatable\1.1.12\datatable-1.1.12.jar;D:\MavenD2\mysettings\.m2\repository\io\cucumber\datatable-dependencies\1.1.12\datatable-dependencies-1.1.12.jar;D:\MavenD2\mysettings\.m2\repository\junit\junit\4.12\junit-4.12.jar;D:\MavenD2\mysettings\.m2\repository\org\hamcrest\hamcrest-core\1.3\hamcrest-core-1.3.jar;D:\MavenD2\mysettings\.m2\repository\io\cucumber\cucumber-java8\4.2.3\cucumber-java8-4.2.3.jar;D:\MavenD2\mysettings\.m2\repository\io\cucumber\cucumber-java\4.2.3\cucumber-java-4.2.3.jar;D:\MavenD2\mysettings\.m2\repository\net\jodah\typetools\0.5.0\typetools-0.5.0.jar;D:\MavenD2\mysettings\.m2\repository\io\cucumber\cucumber-picocontainer\4.2.3\cucumber-picocontainer-4.2.3.jar;D:\MavenD2\mysettings\.m2\repository\org\picocontainer\picocontainer\2.15\picocontainer-2.15.jar;D:\MavenD2\mysettings\.m2\repository\org\junit\vintage\junit-vintage-engine\5.7.1\junit-vintage-engine-5.7.1.jar;D:\MavenD2\mysettings\.m2\repository\org\apiguardian\apiguardian-api\1.1.0\apiguardian-api-1.1.0.jar;D:\MavenD2\mysettings\.m2\repository\org\junit\platform\junit-platform-engine\1.7.1\junit-platform-engine-1.7.1.jar;D:\MavenD2\mysettings\.m2\repository\org\opentest4j\opentest4j\1.2.0\opentest4j-1.2.0.jar;D:\MavenD2\mysettings\.m2\repository\org\junit\platform\junit-platform-commons\1.7.1\junit-platform-commons-1.7.1.jar;D:\MavenD2\mysettings\.m2\repository\org\junit\jupiter\junit-jupiter\5.7.1\junit-jupiter-5.7.1.jar;D:\MavenD2\mysettings\.m2\repository\org\junit\jupiter\junit-jupiter-api\5.7.1\junit-jupiter-api-5.7.1.jar;D:\MavenD2\mysettings\.m2\repository\org\junit\jupiter\junit-jupiter-params\5.7.1\junit-jupiter-params-5.7.1.jar;D:\MavenD2\mysettings\.m2\repository\org\junit\jupiter\junit-jupiter-engine\5.7.1\junit-jupiter-engine-5.7.1.jar;"/>
    <property name="java.vm.vendor" value="Oracle Corporation"/>
    <property name="sun.arch.data.model" value="64"/>
    <property name="user.variant" value=""/>
    <property name="java.vendor.url" value="https://java.oracle.com/"/>
    <property name="user.timezone" value="Europe/Zurich"/>
    <property name="os.name" value="Windows 7"/>
    <property name="java.vm.specification.version" value="15"/>
    <property name="sun.java.launcher" value="SUN_STANDARD"/>
    <property name="user.country" value="CH"/>
    <property name="sun.boot.library.path" value="C:\Program Files\Java\jdk\bin"/>
    <property name="sun.java.command" value="C:\Users\SVETA_~1\AppData\Local\Temp\surefire9468143871134168363\surefirebooter5072143779031649957.jar C:\Users\Sveta_Medion\AppData\Local\Temp\surefire9468143871134168363 2021-03-21T14-39-55_045-jvmRun1 surefire6001613037596391495tmp surefire_03073995139665509918tmp"/>
    <property name="jdk.debug" value="release"/>
    <property name="surefire.test.class.path" value="D:\MavenD2\mysettings\MyProjects\AllJunits\MyDevoxJunit5\mydomain\target\test-classes;D:\MavenD2\mysettings\MyProjects\AllJunits\MyDevoxJunit5\mydomain\target\classes;D:\MavenD2\mysettings\.m2\repository\org\assertj\assertj-core\3.12.0\assertj-core-3.12.0.jar;D:\MavenD2\mysettings\.m2\repository\io\cucumber\cucumber-junit\4.2.3\cucumber-junit-4.2.3.jar;D:\MavenD2\mysettings\.m2\repository\io\cucumber\cucumber-core\4.2.3\cucumber-core-4.2.3.jar;D:\MavenD2\mysettings\.m2\repository\io\cucumber\cucumber-html\0.2.7\cucumber-html-0.2.7.jar;D:\MavenD2\mysettings\.m2\repository\io\cucumber\gherkin\5.1.0\gherkin-5.1.0.jar;D:\MavenD2\mysettings\.m2\repository\io\cucumber\tag-expressions\1.1.1\tag-expressions-1.1.1.jar;D:\MavenD2\mysettings\.m2\repository\io\cucumber\cucumber-expressions\6.2.0\cucumber-expressions-6.2.0.jar;D:\MavenD2\mysettings\.m2\repository\io\cucumber\datatable\1.1.12\datatable-1.1.12.jar;D:\MavenD2\mysettings\.m2\repository\io\cucumber\datatable-dependencies\1.1.12\datatable-dependencies-1.1.12.jar;D:\MavenD2\mysettings\.m2\repository\junit\junit\4.12\junit-4.12.jar;D:\MavenD2\mysettings\.m2\repository\org\hamcrest\hamcrest-core\1.3\hamcrest-core-1.3.jar;D:\MavenD2\mysettings\.m2\repository\io\cucumber\cucumber-java8\4.2.3\cucumber-java8-4.2.3.jar;D:\MavenD2\mysettings\.m2\repository\io\cucumber\cucumber-java\4.2.3\cucumber-java-4.2.3.jar;D:\MavenD2\mysettings\.m2\repository\net\jodah\typetools\0.5.0\typetools-0.5.0.jar;D:\MavenD2\mysettings\.m2\repository\io\cucumber\cucumber-picocontainer\4.2.3\cucumber-picocontainer-4.2.3.jar;D:\MavenD2\mysettings\.m2\repository\org\picocontainer\picocontainer\2.15\picocontainer-2.15.jar;D:\MavenD2\mysettings\.m2\repository\org\junit\vintage\junit-vintage-engine\5.7.1\junit-vintage-engine-5.7.1.jar;D:\MavenD2\mysettings\.m2\repository\org\apiguardian\apiguardian-api\1.1.0\apiguardian-api-1.1.0.jar;D:\MavenD2\mysettings\.m2\repository\org\junit\platform\junit-platform-engine\1.7.1\junit-platform-engine-1.7.1.jar;D:\MavenD2\mysettings\.m2\repository\org\opentest4j\opentest4j\1.2.0\opentest4j-1.2.0.jar;D:\MavenD2\mysettings\.m2\repository\org\junit\platform\junit-platform-commons\1.7.1\junit-platform-commons-1.7.1.jar;D:\MavenD2\mysettings\.m2\repository\org\junit\jupiter\junit-jupiter\5.7.1\junit-jupiter-5.7.1.jar;D:\MavenD2\mysettings\.m2\repository\org\junit\jupiter\junit-jupiter-api\5.7.1\junit-jupiter-api-5.7.1.jar;D:\MavenD2\mysettings\.m2\repository\org\junit\jupiter\junit-jupiter-params\5.7.1\junit-jupiter-params-5.7.1.jar;D:\MavenD2\mysettings\.m2\repository\org\junit\jupiter\junit-jupiter-engine\5.7.1\junit-jupiter-engine-5.7.1.jar;"/>
    <property name="sun.cpu.endian" value="little"/>
    <property name="user.home" value="C:\Users\Sveta_Medion"/>
    <property name="user.language" value="de"/>
    <property name="java.specification.vendor" value="Oracle Corporation"/>
    <property name="java.version.date" value="2021-01-19"/>
    <property name="java.home" value="C:\Program Files\Java\jdk"/>
    <property name="file.separator" value="\"/>
    <property name="basedir" value="D:\MavenD2\mysettings\MyProjects\AllJunits\MyDevoxJunit5\mydomain"/>
    <property name="java.vm.compressedOopsMode" value="Zero based"/>
    <property name="line.separator" value="&#10;"/>
    <property name="java.vm.specification.vendor" value="Oracle Corporation"/>
    <property name="java.specification.name" value="Java Platform API Specification"/>
    <property name="surefire.real.class.path" value="C:\Users\SVETA_~1\AppData\Local\Temp\surefire9468143871134168363\surefirebooter5072143779031649957.jar"/>
    <property name="user.script" value=""/>
    <property name="sun.management.compiler" value="HotSpot 64-Bit Tiered Compilers"/>
    <property name="java.runtime.version" value="15.0.2+7-27"/>
    <property name="user.name" value="Sveta_Medion"/>
    <property name="path.separator" value=";"/>
    <property name="os.version" value="6.1"/>
    <property name="java.runtime.name" value="Java(TM) SE Runtime Environment"/>
    <property name="file.encoding" value="Cp1252"/>
    <property name="junit.jupiter.displayname.generator.default" value="org.junit.jupiter.api.DisplayNameGenerator$ReplaceUnderscores"/>
    <property name="java.vm.name" value="Java HotSpot(TM) 64-Bit Server VM"/>
    <property name="localRepository" value="D:\MavenD2\mysettings\.m2\repository"/>
    <property name="java.vendor.url.bug" value="https://bugreport.java.com/bugreport/"/>
    <property name="java.io.tmpdir" value="C:\Users\SVETA_~1\AppData\Local\Temp\"/>
    <property name="java.version" value="15.0.2"/>
    <property name="user.dir" value="D:\MavenD2\mysettings\MyProjects\AllJunits\MyDevoxJunit5\mydomain"/>
    <property name="os.arch" value="amd64"/>
    <property name="java.vm.specification.name" value="Java Virtual Machine Specification"/>
    <property name="sun.os.patch.level" value="Service Pack 1"/>
    <property name="java.library.path" value="C:\Program Files\Java\jdk\bin;C:\Windows\Sun\Java\bin;C:\Windows\system32;C:\Windows;C:/Program Files/Java/jdk/bin/server;C:/Program Files/Java/jdk/bin;C:\Program Files\Common Files\Oracle\Java\javapath;C:\Program Files\Java\jdk\bin;C:\Program Files (x86)\Common Files\Oracle\Java\javapath;C:\Program Files (x86)\Intel\iCLS Client\;C:\Program Files\Intel\iCLS Client\;C:\Program Files\Common Files\Microsoft Shared\Windows Live;C:\Program Files (x86)\Common Files\Microsoft Shared\Windows Live;C:\Windows\system32;C:\Windows;C:\Windows\System32\Wbem;C:\Windows\System32\WindowsPowerShell\v1.0\;C:\Program Files (x86)\Windows Live\Shared;C:\Program Files\Intel\Intel(R) Management Engine Components\DAL;C:\Program Files\Intel\Intel(R) Management Engine Components\IPT;C:\Program Files (x86)\Intel\Intel(R) Management Engine Components\DAL;C:\Program Files (x86)\Intel\Intel(R) Management Engine Components\IPT;C:\Program Files\Apache\maven\bin;C:\Program Files\TortoiseSVN\bin;C:\Program Files (x86)\MySQL\MySQL Fabric 1.5.4 &amp; MySQL Utilities 1.5.4 1.5\;C:\Program Files (x86)\MySQL\MySQL Fabric 1.5.4 &amp; MySQL Utilities 1.5.4 1.5\Doctrine extensions for PHP\;C:\Program Files\doxygen\bin;C:\Program Files (x86)\QuickTime\QTSystem\;C:\Program Files\jEdit;C:\Program Files\PostgreSQL\9.5\bin; C:\Program Files\Java\jdk\db\bin;C:\Program Files\ApacheAnt\apache-ant-1.10.3\bin;C:\Program Files (x86)\Brackets\command ;D:\ASONARQ\sonar-scanner-4.0.0.1744-windows\bin;C:\Program Files\dotnet\;C:\Program Files\Microsoft SQL Server\130\Tools\Binn\;C:\Program Files\Microsoft SQL Server\Client SDK\ODBC\170\Tools\Binn\;D:\MyVisualStudios\MyNodes\;D:\ATomcat9\bin;D:\AGradle\gradle-6.2.2\bin;D:\wildfly-18.0.1.Final\bin;C:\Program Files\Git\cmd;C:\Program Files\Java\jdk\bin;D:\GroovyHere\bin;C:\Users\Sveta_Medion\AppData\Local\atom\bin;C:\Program Files\JetBrains\IntelliJ IDEA Community Edition 2018.3.4\bin;D:\DIF\A_VCstudio\Microsoft VS Code\bin;C:\Users\Sveta_Medion\AppData\Roaming\npm;D:\intell\IntelliJ IDEA 2020.1.1\bin;C:\Users\Sveta_Medion\AppData\Local\GitHubDesktop\bin;D:\A_IT\GitHubCMD\;D:\ECLIPSES\e08_02_21\eclipse;;."/>
    <property name="junit.jupiter.extensions.autodetection.enabled" value="false"/>
    <property name="java.vm.info" value="mixed mode, sharing"/>
    <property name="java.vendor" value="Oracle Corporation"/>
    <property name="java.vm.version" value="15.0.2+7-27"/>
    <property name="sun.io.unicode.encoding" value="UnicodeLittle"/>
    <property name="java.class.version" value="59.0"/>
  </properties>
  <testcase name="should_not_be_run" classname="org.craftsrecords.rememberme.bookmark.junit5.BookmarkCreatorTest" time="0">
    <skipped message="Reason why this is not run"/>
  </testcase>
  <testcase name="should_create_the_bookmark" classname="org.craftsrecords.rememberme.bookmark.junit5.BookmarkCreatorTest" time="0.007"/>
  <testcase name="should_return_the_bookmark_after_creating_it" classname="org.craftsrecords.rememberme.bookmark.junit5.BookmarkCreatorTest" time="0.001"/>
</testsuite>